  1.000000e-02   2.286256e+02
  1.000000e+00   2.285669e+02
  2.000000e+00   2.285625e+02
  3.000000e+00   2.285527e+02
  4.000000e+00   2.285325e+02
  5.000000e+00   2.284911e+02
  6.000000e+00   2.284065e+02
  7.000000e+00   2.282330e+02
  8.000000e+00   2.278768e+02
  9.000000e+00   2.271468e+02
  1.000000e+01   2.256783e+02
  1.100000e+01   2.228910e+02
  1.200000e+01   2.182033e+02
  1.300000e+01   2.116175e+02
  1.400000e+01   2.041788e+02
  1.500000e+01   1.974812e+02
  1.600000e+01   1.924168e+02
  1.700000e+01   1.887646e+02
  1.800000e+01   1.859469e+02
  1.900000e+01   1.836007e+02
  2.000000e+01   1.815651e+02
  2.100000e+01   1.797416e+02
  2.200000e+01   1.780493e+02
  2.300000e+01   1.764528e+02
  2.400000e+01   1.749471e+02
  2.500000e+01   1.735275e+02
  2.600000e+01   1.721828e+02
  2.700000e+01   1.708933e+02
  2.800000e+01   1.696503e+02
  2.900000e+01   1.684497e+02
  3.000000e+01   1.672836e+02
  3.100000e+01   1.661443e+02
  3.200000e+01   1.650136e+02
  3.300000e+01   1.638628e+02
  3.400000e+01   1.626695e+02
  3.500000e+01   1.614514e+02
  3.600000e+01   1.602213e+02
  3.700000e+01   1.589468e+02
  3.800000e+01   1.576331e+02
  3.900000e+01   1.563229e+02
  4.000000e+01   1.550299e+02
  4.100000e+01   1.537651e+02
  4.200000e+01   1.525314e+02
  4.300000e+01   1.513342e+02
  4.400000e+01   1.501873e+02
  4.500000e+01   1.490948e+02
  4.600000e+01   1.480587e+02
  4.700000e+01   1.470847e+02
  4.800000e+01   1.461670e+02
  4.900000e+01   1.452843e+02
  5.000000e+01   1.444123e+02
  5.100000e+01   1.435342e+02
  5.200000e+01   1.426494e+02
  5.300000e+01   1.417699e+02
  5.400000e+01   1.409075e+02
  5.500000e+01   1.400664e+02
  5.600000e+01   1.392466e+02
  5.700000e+01   1.384476e+02
  5.800000e+01   1.376674e+02
  5.900000e+01   1.369014e+02
  6.000000e+01   1.361434e+02
  6.100000e+01   1.353878e+02
  6.200000e+01   1.346303e+02
  6.300000e+01   1.338676e+02
  6.400000e+01   1.330961e+02
  6.500000e+01   1.323125e+02
  6.600000e+01   1.315122e+02
  6.700000e+01   1.306879e+02
  6.800000e+01   1.298506e+02
  6.900000e+01   1.290592e+02
  7.000000e+01   1.283410e+02
  7.100000e+01   1.276768e+02
  7.200000e+01   1.270408e+02
  7.300000e+01   1.264127e+02
  7.400000e+01   1.257811e+02
  7.500000e+01   1.251449e+02
  7.600000e+01   1.245095e+02
  7.700000e+01   1.238772e+02
  7.800000e+01   1.232471e+02
  7.900000e+01   1.226189e+02
  8.000000e+01   1.219935e+02
  8.100000e+01   1.213785e+02
  8.200000e+01   1.207808e+02
  8.300000e+01   1.202007e+02
  8.400000e+01   1.196399e+02
  8.500000e+01   1.191010e+02
  8.600000e+01   1.185838e+02
  8.700000e+01   1.180858e+02
  8.800000e+01   1.176052e+02
  8.900000e+01   1.171411e+02
  9.000000e+01   1.166927e+02
  9.100000e+01   1.162584e+02
  9.200000e+01   1.158356e+02
  9.300000e+01   1.154216e+02
  9.400000e+01   1.150146e+02
  9.500000e+01   1.146140e+02
  9.600000e+01   1.142204e+02
  9.700000e+01   1.138359e+02
  9.800000e+01   1.134616e+02
  9.900000e+01   1.130964e+02
  1.000000e+02   1.127370e+02
  1.010000e+02   1.123788e+02
  1.020000e+02   1.120166e+02
  1.030000e+02   1.116447e+02
  1.040000e+02   1.112560e+02
  1.050000e+02   1.108421e+02
  1.060000e+02   1.103980e+02
  1.070000e+02   1.099431e+02
  1.080000e+02   1.095156e+02
  1.090000e+02   1.091259e+02
  1.100000e+02   1.087659e+02
  1.110000e+02   1.084247e+02
  1.120000e+02   1.080928e+02
  1.130000e+02   1.077622e+02
  1.140000e+02   1.074268e+02
  1.150000e+02   1.070824e+02
  1.160000e+02   1.067252e+02
  1.170000e+02   1.063499e+02
  1.180000e+02   1.059465e+02
  1.190000e+02   1.055104e+02
  1.200000e+02   1.050704e+02
  1.210000e+02   1.046602e+02
  1.220000e+02   1.042818e+02
  1.230000e+02   1.039237e+02
  1.240000e+02   1.035734e+02
  1.250000e+02   1.032207e+02
  1.260000e+02   1.028572e+02
  1.270000e+02   1.024728e+02
  1.280000e+02   1.020536e+02
  1.290000e+02   1.015956e+02
  1.300000e+02   1.011455e+02
  1.310000e+02   1.007514e+02
  1.320000e+02   1.004121e+02
  1.330000e+02   1.001123e+02
  1.340000e+02   9.983908e+01
  1.350000e+02   9.958360e+01
  1.360000e+02   9.933997e+01
  1.370000e+02   9.910401e+01
  1.380000e+02   9.887274e+01
  1.390000e+02   9.864418e+01
  1.400000e+02   9.841730e+01
  1.410000e+02   9.819179e+01
  1.420000e+02   9.796783e+01
  1.430000e+02   9.774566e+01
  1.440000e+02   9.752539e+01
  1.450000e+02   9.730693e+01
  1.460000e+02   9.708996e+01
  1.470000e+02   9.687393e+01
  1.480000e+02   9.665817e+01
  1.490000e+02   9.644199e+01
  1.500000e+02   9.622481e+01
  1.510000e+02   9.600618e+01
  1.520000e+02   9.578598e+01
  1.530000e+02   9.556448e+01
  1.540000e+02   9.534214e+01
  1.550000e+02   9.511941e+01
  1.560000e+02   9.489664e+01
  1.570000e+02   9.467396e+01
  1.580000e+02   9.445118e+01
  1.590000e+02   9.422767e+01
  1.600000e+02   9.400211e+01
  1.610000e+02   9.377248e+01
  1.620000e+02   9.353567e+01
  1.630000e+02   9.328656e+01
  1.640000e+02   9.301613e+01
  1.650000e+02   9.271436e+01
  1.660000e+02   9.239273e+01
  1.670000e+02   9.208853e+01
  1.680000e+02   9.181795e+01
  1.690000e+02   9.157653e+01
  1.700000e+02   9.135713e+01
  1.710000e+02   9.115411e+01
  1.720000e+02   9.096321e+01
  1.730000e+02   9.078124e+01
  1.740000e+02   9.060579e+01
  1.750000e+02   9.043523e+01
  1.760000e+02   9.026843e+01
  1.770000e+02   9.010464e+01
  1.780000e+02   8.994320e+01
  1.790000e+02   8.978372e+01
  1.800000e+02   8.962596e+01
  1.810000e+02   8.946975e+01
  1.820000e+02   8.931495e+01
  1.830000e+02   8.916142e+01
  1.840000e+02   8.900896e+01
  1.850000e+02   8.885738e+01
  1.860000e+02   8.870651e+01
  1.870000e+02   8.855624e+01
  1.880000e+02   8.840644e+01
  1.890000e+02   8.825703e+01
  1.900000e+02   8.810792e+01
  1.910000e+02   8.795903e+01
  1.920000e+02   8.781028e+01
  1.930000e+02   8.766151e+01
  1.940000e+02   8.751258e+01
  1.950000e+02   8.736335e+01
  1.960000e+02   8.721373e+01
  1.970000e+02   8.706372e+01
  1.980000e+02   8.691339e+01
  1.990000e+02   8.676288e+01
  2.000000e+02   8.661241e+01
