7.620378e+00   7.682603e+00
1.242263e+00   3.313542e+00
2.982372e+01   2.162079e+01
1.619961e+01   1.597774e+01
9.705214e+00   6.769247e+00
2.932607e+01   2.781521e+01
2.560657e+01   2.582974e+01
5.521634e+00   2.901672e+01
1.523473e+01   2.064985e+01
1.686105e+01   2.064864e+01
1.405396e+01   2.194296e+01
1.143839e+01   1.433621e+01
2.314197e+01   2.788219e+01
1.781915e+00   2.788880e+01
7.524630e+00   2.284881e+01
3.094362e+01   8.289200e+00
1.210404e+01   2.149694e-01
2.766106e+01   2.359598e+01
2.898774e+01   5.436684e+00
2.937254e+01   4.531256e-01
2.246844e+01   1.117500e+00
1.417248e+01   1.909152e+01
7.785093e+00   2.579495e+01
2.624085e+01   9.488829e-01
1.135574e+01   2.983481e+01
