# i 1 4
#     1   133
  1.016143e+01   1.064672e+01
#     2    28
  6.550511e+00   2.404401e+00
#     3    29
  3.230614e+00   7.250907e+00
#     4   132
  3.726177e+00   1.433944e+01
#     5     0
#     6     0
#     7     0
#     8     0
#     9     0
  1.016143e+01   1.064672e+01

# i 2 7
#     1    88
 -2.530030e-01   5.641553e+00
#     2    29
  3.230614e+00   7.250907e+00
#     3    28
  6.550511e+00   2.404401e+00
#     4    26
  6.577963e+00   2.337170e+00
#     5    83
  2.676664e+00  -3.141854e-01
#     6    82
  1.020726e+00  -4.345439e-01
#     7    87
 -1.549778e+00   3.042971e+00
#     8     0
#     9     0
 -2.530030e-01   5.641553e+00

# i 3 7
#     1   389
  3.457693e+01   2.300296e+01
#     2   339
  3.548429e+01   1.583522e+01
#     3   277
  3.523120e+01   1.536220e+01
#     4    40
  2.479828e+01   1.448580e+01
#     5    98
  2.371425e+01   1.710301e+01
#     6   334
  3.075578e+01   2.481287e+01
#     7   388
  3.160306e+01   2.488094e+01
#     8     0
#     9     0
  3.457693e+01   2.300296e+01

# i 4 9
#     1   234
  2.357272e+01   1.731593e+01
#     2    98
  2.371425e+01   1.710301e+01
#     3    40
  2.479828e+01   1.448580e+01
#     4    93
  2.323115e+01   1.148058e+01
#     5    94
  2.160230e+01   9.504498e+00
#     6    39
  1.784808e+01   7.920773e+00
#     7   134
  1.582094e+01   9.350436e+00
#     8   131
  1.340011e+01   1.637195e+01
#     9   233
  1.640845e+01   1.833045e+01
  2.357272e+01   1.731593e+01

# i 5 7
#     1   172
  7.117096e+00   2.105897e+00
#     2    26
  6.577963e+00   2.337170e+00
#     3    28
  6.550511e+00   2.404401e+00
#     4   133
  1.016143e+01   1.064672e+01
#     5   134
  1.582094e+01   9.350436e+00
#     6    39
  1.784808e+01   7.920773e+00
#     7   171
  1.685066e+01   5.668318e+00
#     8     0
#     9     0
  7.117096e+00   2.105897e+00

# i 6 7
#     1   390
  3.151666e+01   3.011245e+01
#     2   330
  2.740344e+01   3.015366e+01
#     3   331
  2.625149e+01   2.946137e+01
#     4   332
  2.624763e+01   2.910551e+01
#     5   333
  2.794748e+01   2.592109e+01
#     6   334
  3.075578e+01   2.481287e+01
#     7   388
  3.160306e+01   2.488094e+01
#     8     0
#     9     0
  3.151666e+01   3.011245e+01

# i 7 4
#     1   333
  2.794748e+01   2.592109e+01
#     2   235
  2.257328e+01   2.097820e+01
#     3   237
  2.128722e+01   2.314902e+01
#     4   332
  2.624763e+01   2.910551e+01
#     5     0
#     6     0
#     7     0
#     8     0
#     9     0
  2.794748e+01   2.592109e+01

# i 8 6
#     1   367
  8.052325e+00   3.218108e+01
#     2   296
  7.117096e+00   3.410590e+01
#     3   228
  6.577963e+00   3.433717e+01
#     4   226
  2.676664e+00   3.168581e+01
#     5   227
  4.437138e+00   2.584883e+01
#     6   366
  8.536424e+00   2.872879e+01
#     7     0
#     8     0
#     9     0
  8.052325e+00   3.218108e+01

# i 9 3
#     1   308
  1.604933e+01   2.257933e+01
#     2   306
  1.377568e+01   2.050321e+01
#     3   307
  1.604662e+01   1.895521e+01
#     4     0
#     5     0
#     6     0
#     7     0
#     8     0
#     9     0
  1.604933e+01   2.257933e+01

# i 10 7
#     1   308
  1.604933e+01   2.257933e+01
#     2   236
  1.773444e+01   2.623392e+01
#     3   237
  2.128722e+01   2.314902e+01
#     4   235
  2.257328e+01   2.097820e+01
#     5   234
  2.357272e+01   1.731593e+01
#     6   233
  1.640845e+01   1.833045e+01
#     7   307
  1.604662e+01   1.895521e+01
#     8     0
#     9     0
  1.604933e+01   2.257933e+01

# i 11 7
#     1   369
  1.700018e+01   2.735746e+01
#     2   236
  1.773444e+01   2.623392e+01
#     3   308
  1.604933e+01   2.257933e+01
#     4   306
  1.377568e+01   2.050321e+01
#     5   231
  1.050787e+01   2.036739e+01
#     6   232
  1.101528e+01   2.402479e+01
#     7   368
  1.201598e+01   2.565336e+01
#     8     0
#     9     0
  1.700018e+01   2.735746e+01

# i 12 7
#     1   305
  3.484287e+00   1.583522e+01
#     2   230
  9.512879e+00   1.860693e+01
#     3   131
  1.340011e+01   1.637195e+01
#     4   134
  1.582094e+01   9.350436e+00
#     5   133
  1.016143e+01   1.064672e+01
#     6   132
  3.726177e+00   1.433944e+01
#     7   304
  3.231198e+00   1.536220e+01
#     8     0
#     9     0
  3.484287e+00   1.583522e+01

# i 13 8
#     1   370
  1.731677e+01   2.926844e+01
#     2   298
  1.753394e+01   2.982168e+01
#     3   238
  2.424972e+01   3.068569e+01
#     4   331
  2.625149e+01   2.946137e+01
#     5   332
  2.624763e+01   2.910551e+01
#     6   237
  2.128722e+01   2.314902e+01
#     7   236
  1.773444e+01   2.623392e+01
#     8   369
  1.700018e+01   2.735746e+01
#     9     0
  1.731677e+01   2.926844e+01

# i 14 7
#     1   301
 -3.969404e-01   2.488094e+01
#     2   129
 -4.833413e-01   3.011245e+01
#     3   130
  1.020726e+00   3.156546e+01
#     4   226
  2.676664e+00   3.168581e+01
#     5   227
  4.437138e+00   2.584883e+01
#     6   229
  4.016741e+00   2.464352e+01
#     7   299
  2.576935e+00   2.300296e+01
#     8     0
#     9     0
 -3.969404e-01   2.488094e+01

# i 15 6
#     1   305
  3.484287e+00   1.583522e+01
#     2   230
  9.512879e+00   1.860693e+01
#     3   231
  1.050787e+01   2.036739e+01
#     4   232
  1.101528e+01   2.402479e+01
#     5   229
  4.016741e+00   2.464352e+01
#     6   299
  2.576935e+00   2.300296e+01
#     7     0
#     8     0
#     9     0
  3.484287e+00   1.583522e+01

# i 16 6
#     1   278
  3.572618e+01   1.433944e+01
#     2   177
  3.523061e+01   7.250907e+00
#     3    96
  3.174700e+01   5.641553e+00
#     4    93
  2.323115e+01   1.148058e+01
#     5    40
  2.479828e+01   1.448580e+01
#     6   277
  3.523120e+01   1.536220e+01
#     7     0
#     8     0
#     9     0
  3.572618e+01   1.433944e+01

# i 17 5
#     1   273
  1.731677e+01  -2.731558e+00
#     2   173
  8.052325e+00   1.810750e-01
#     3   172
  7.117096e+00   2.105897e+00
#     4   171
  1.685066e+01   5.668318e+00
#     5   272
  1.753394e+01  -2.178316e+00
#     6     0
#     7     0
#     8     0
#     9     0
  1.731677e+01  -2.731558e+00

# i 18 5
#     1   334
  3.075578e+01   2.481287e+01
#     2    98
  2.371425e+01   1.710301e+01
#     3   234
  2.357272e+01   1.731593e+01
#     4   235
  2.257328e+01   2.097820e+01
#     5   333
  2.794748e+01   2.592109e+01
#     6     0
#     7     0
#     8     0
#     9     0
  3.075578e+01   2.481287e+01

# i 19 6
#     1   181
  2.814931e+01   2.865311e+00
#     2    97
  3.045022e+01   3.042971e+00
#     3    96
  3.174700e+01   5.641553e+00
#     4    93
  2.323115e+01   1.148058e+01
#     5    94
  2.160230e+01   9.504498e+00
#     6   180
  2.453541e+01   5.077310e+00
#     7     0
#     8     0
#     9     0
  2.814931e+01   2.865311e+00

# i 20 5
#     1   181
  2.814931e+01   2.865311e+00
#     2    97
  3.045022e+01   3.042971e+00
#     3    95
  3.302073e+01  -4.345439e-01
#     4   102
  3.151666e+01  -1.887550e+00
#     5   179
  2.740344e+01  -1.846336e+00
#     6     0
#     7     0
#     8     0
#     9     0
  2.814931e+01   2.865311e+00

# i 21 6
#     1   274
  2.424972e+01  -1.314312e+00
#     2   180
  2.453541e+01   5.077310e+00
#     3    94
  2.160230e+01   9.504498e+00
#     4    39
  1.784808e+01   7.920773e+00
#     5   171
  1.685066e+01   5.668318e+00
#     6   272
  1.753394e+01  -2.178316e+00
#     7     0
#     8     0
#     9     0
  2.424972e+01  -1.314312e+00

# i 22 6
#     1   307
  1.604662e+01   1.895521e+01
#     2   233
  1.640845e+01   1.833045e+01
#     3   131
  1.340011e+01   1.637195e+01
#     4   230
  9.512879e+00   1.860693e+01
#     5   231
  1.050787e+01   2.036739e+01
#     6   306
  1.377568e+01   2.050321e+01
#     7     0
#     8     0
#     9     0
  1.604662e+01   1.895521e+01

# i 23 5
#     1   368
  1.201598e+01   2.565336e+01
#     2   232
  1.101528e+01   2.402479e+01
#     3   229
  4.016741e+00   2.464352e+01
#     4   227
  4.437138e+00   2.584883e+01
#     5   366
  8.536424e+00   2.872879e+01
#     6     0
#     7     0
#     8     0
#     9     0
  1.201598e+01   2.565336e+01

# i 24 5
#     1   275
  2.625149e+01  -2.538632e+00
#     2   179
  2.740344e+01  -1.846336e+00
#     3   181
  2.814931e+01   2.865311e+00
#     4   180
  2.453541e+01   5.077310e+00
#     5   274
  2.424972e+01  -1.314312e+00
#     6     0
#     7     0
#     8     0
#     9     0
  2.625149e+01  -2.538632e+00

# i 25 5
#     1   370
  1.731677e+01   2.926844e+01
#     2   367
  8.052325e+00   3.218108e+01
#     3   366
  8.536424e+00   2.872879e+01
#     4   368
  1.201598e+01   2.565336e+01
#     5   369
  1.700018e+01   2.735746e+01
#     6     0
#     7     0
#     8     0
#     9     0
  1.731677e+01   2.926844e+01

# i 26 7
#     1   387
  2.624763e+01  -2.894493e+00
#     2   275
  2.625149e+01  -2.538632e+00
#     3   179
  2.740344e+01  -1.846336e+00
#     4   102
  3.151666e+01  -1.887550e+00
#     5   103
  3.160306e+01  -7.119062e+00
#     6   104
  3.075578e+01  -7.187131e+00
#     7   386
  2.794748e+01  -6.078907e+00
#     8     0
#     9     0
  2.624763e+01  -2.894493e+00

# i 27 6
#     1   173
  8.052325e+00   1.810750e-01
#     2   168
  8.536424e+00  -3.271214e+00
#     3   169
  4.437138e+00  -6.151175e+00
#     4    83
  2.676664e+00  -3.141854e-01
#     5    26
  6.577963e+00   2.337170e+00
#     6   172
  7.117096e+00   2.105897e+00
#     7     0
#     8     0
#     9     0
  8.052325e+00   1.810750e-01

# i 28 8
#     1   422
  2.128722e+01  -8.850975e+00
#     2   387
  2.624763e+01  -2.894493e+00
#     3   275
  2.625149e+01  -2.538632e+00
#     4   274
  2.424972e+01  -1.314312e+00
#     5   272
  1.753394e+01  -2.178316e+00
#     6   273
  1.731677e+01  -2.731558e+00
#     7   326
  1.700018e+01  -4.642543e+00
#     8   421
  1.773444e+01  -5.766077e+00
#     9     0
  2.128722e+01  -8.850975e+00

# i 29 7
#     1   170
  4.016741e+00  -7.356480e+00
#     2    80
  2.576935e+00  -8.997038e+00
#     3    79
 -3.969404e-01  -7.119062e+00
#     4    81
 -4.833413e-01  -1.887550e+00
#     5    82
  1.020726e+00  -4.345439e-01
#     6    83
  2.676664e+00  -3.141854e-01
#     7   169
  4.437138e+00  -6.151175e+00
#     8     0
#     9     0
  4.016741e+00  -7.356480e+00

# i 30 5
#     1   327
  1.201598e+01  -6.346636e+00
#     2   168
  8.536424e+00  -3.271214e+00
#     3   173
  8.052325e+00   1.810750e-01
#     4   273
  1.731677e+01  -2.731558e+00
#     5   326
  1.700018e+01  -4.642543e+00
#     6     0
#     7     0
#     8     0
#     9     0
  1.201598e+01  -6.346636e+00

# i 31 7
#     1   200
  3.643714e+01  -6.151175e+00
#     2   107
  3.601674e+01  -7.356480e+00
#     3   101
  3.457693e+01  -8.997038e+00
#     4   103
  3.160306e+01  -7.119062e+00
#     5   102
  3.151666e+01  -1.887550e+00
#     6    95
  3.302073e+01  -4.345439e-01
#     7   199
  3.467666e+01  -3.141854e-01
#     8     0
#     9     0
  3.643714e+01  -6.151175e+00

# i 32 7
#     1   199
  3.467666e+01  -3.141854e-01
#     2    95
  3.302073e+01  -4.345439e-01
#     3    97
  3.045022e+01   3.042971e+00
#     4    96
  3.174700e+01   5.641553e+00
#     5   177
  3.523061e+01   7.250907e+00
#     6   178
  3.855051e+01   2.404401e+00
#     7   198
  3.857796e+01   2.337170e+00
#     8     0
#     9     0
  3.467666e+01  -3.141854e-01

# i 33 7
#     1   399
  3.601674e+01   2.464352e+01
#     2   389
  3.457693e+01   2.300296e+01
#     3   388
  3.160306e+01   2.488094e+01
#     4   390
  3.151666e+01   3.011245e+01
#     5   392
  3.302073e+01   3.156546e+01
#     6   391
  3.467666e+01   3.168581e+01
#     7   398
  3.643714e+01   2.584883e+01
#     8     0
#     9     0
  3.601674e+01   2.464352e+01

# i 34 7
#     1   394
  3.855051e+01   3.440440e+01
#     2   337
  3.857796e+01   3.433717e+01
#     3   391
  3.467666e+01   3.168581e+01
#     4   392
  3.302073e+01   3.156546e+01
#     5   336
  3.045022e+01   3.504297e+01
#     6   335
  3.174700e+01   3.764155e+01
#     7   393
  3.523061e+01   3.925091e+01
#     8     0
#     9     0
  3.855051e+01   3.440440e+01

# i 35 7
#     1   243
  6.550511e+00   3.440440e+01
#     2   228
  6.577963e+00   3.433717e+01
#     3   226
  2.676664e+00   3.168581e+01
#     4   130
  1.020726e+00   3.156546e+01
#     5    65
 -1.549778e+00   3.504297e+01
#     6    16
 -2.530030e-01   3.764155e+01
#     7   242
  3.230614e+00   3.925091e+01
#     8     0
#     9     0
  6.550511e+00   3.440440e+01

# i 36 5
#     1   370
  1.731677e+01   2.926844e+01
#     2   298
  1.753394e+01   2.982168e+01
#     3   297
  1.685066e+01   3.766832e+01
#     4   296
  7.117096e+00   3.410590e+01
#     5   367
  8.052325e+00   3.218108e+01
#     6     0
#     7     0
#     8     0
#     9     0
  1.731677e+01   2.926844e+01

# i 37 5
#     1   392
  3.302073e+01   3.156546e+01
#     2   336
  3.045022e+01   3.504297e+01
#     3   276
  2.814931e+01   3.486531e+01
#     4   330
  2.740344e+01   3.015366e+01
#     5   390
  3.151666e+01   3.011245e+01
#     6     0
#     7     0
#     8     0
#     9     0
  3.302073e+01   3.156546e+01

# i 38 6
#     1   298
  1.753394e+01   2.982168e+01
#     2   238
  2.424972e+01   3.068569e+01
#     3   241
  2.453541e+01   3.707731e+01
#     4   240
  2.160230e+01   4.150450e+01
#     5   239
  1.784808e+01   3.992077e+01
#     6   297
  1.685066e+01   3.766832e+01
#     7     0
#     8     0
#     9     0
  1.753394e+01   2.982168e+01

# i 39 5
#     1   331
  2.625149e+01   2.946137e+01
#     2   238
  2.424972e+01   3.068569e+01
#     3   241
  2.453541e+01   3.707731e+01
#     4   276
  2.814931e+01   3.486531e+01
#     5   330
  2.740344e+01   3.015366e+01
#     6     0
#     7     0
#     8     0
#     9     0
  2.625149e+01   2.946137e+01

# i 40 5
#     1   130
  1.020726e+00   3.156546e+01
#     2    65
 -1.549778e+00   3.504297e+01
#     3    66
 -3.850687e+00   3.486531e+01
#     4    67
 -4.596558e+00   3.015366e+01
#     5   129
 -4.833413e-01   3.011245e+01
#     6     0
#     7     0
#     8     0
#     9     0
  1.020726e+00   3.156546e+01

# i 41 7
#     1   305
  3.484287e+00   1.583522e+01
#     2   299
  2.576935e+00   2.300296e+01
#     3   301
 -3.969404e-01   2.488094e+01
#     4   300
 -1.244218e+00   2.481287e+01
#     5   303
 -8.285755e+00   1.710301e+01
#     6   302
 -7.201718e+00   1.448580e+01
#     7   304
  3.231198e+00   1.536220e+01
#     8     0
#     9     0
  3.484287e+00   1.583522e+01

# i 42 7
#     1   380
 -5.752366e+00   2.910551e+01
#     2    84
 -4.052524e+00   2.592109e+01
#     3   300
 -1.244218e+00   2.481287e+01
#     4   301
 -3.969404e-01   2.488094e+01
#     5   129
 -4.833413e-01   3.011245e+01
#     6    67
 -4.596558e+00   3.015366e+01
#     7   379
 -5.748511e+00   2.946137e+01
#     8     0
#     9     0
 -5.752366e+00   2.910551e+01

# i 43 6
#     1   304
  3.231198e+00   1.536220e+01
#     2   132
  3.726177e+00   1.433944e+01
#     3    29
  3.230614e+00   7.250907e+00
#     4    88
 -2.530030e-01   5.641553e+00
#     5    85
 -8.768848e+00   1.148058e+01
#     6   302
 -7.201718e+00   1.448580e+01
#     7     0
#     8     0
#     9     0
  3.231198e+00   1.536220e+01

# i 44 5
#     1   303
 -8.285755e+00   1.710301e+01
#     2   266
 -8.427278e+00   1.731593e+01
#     3   267
 -9.426718e+00   2.097820e+01
#     4    84
 -4.052524e+00   2.592109e+01
#     5   300
 -1.244218e+00   2.481287e+01
#     6     0
#     7     0
#     8     0
#     9     0
 -8.285755e+00   1.710301e+01

# i 45 6
#     1   162
 -7.464595e+00   5.077310e+00
#     2    86
 -1.039770e+01   9.504498e+00
#     3    85
 -8.768848e+00   1.148058e+01
#     4    88
 -2.530030e-01   5.641553e+00
#     5    87
 -1.549778e+00   3.042971e+00
#     6   161
 -3.850687e+00   2.865311e+00
#     7     0
#     8     0
#     9     0
 -7.464595e+00   5.077310e+00

# i 46 5
#     1   164
 -4.596558e+00  -1.846336e+00
#     2    81
 -4.833413e-01  -1.887550e+00
#     3    82
  1.020726e+00  -4.345439e-01
#     4    87
 -1.549778e+00   3.042971e+00
#     5   161
 -3.850687e+00   2.865311e+00
#     6     0
#     7     0
#     8     0
#     9     0
 -4.596558e+00  -1.846336e+00

# i 47 7
#     1   165
 -5.748511e+00  -2.538632e+00
#     2   113
 -5.752366e+00  -2.894493e+00
#     3   114
 -4.052524e+00  -6.078907e+00
#     4    43
 -1.244218e+00  -7.187131e+00
#     5    79
 -3.969404e-01  -7.119062e+00
#     6    81
 -4.833413e-01  -1.887550e+00
#     7   164
 -4.596558e+00  -1.846336e+00
#     8     0
#     9     0
 -5.748511e+00  -2.538632e+00

