# i 1
  1.016143e+01   1.064672e+01
  6.550511e+00   2.404401e+00
  3.230614e+00   7.250907e+00
  3.726177e+00   1.433944e+01
  1.016143e+01   1.064672e+01

# i 2
 -2.530030e-01   5.641553e+00
  3.230614e+00   7.250907e+00
  6.550511e+00   2.404401e+00
  6.577963e+00   2.337170e+00
  2.676664e+00  -3.141854e-01
  1.020726e+00  -4.345439e-01
 -1.549778e+00   3.042971e+00
 -2.530030e-01   5.641553e+00

# i 3
  3.457693e+01   2.300296e+01
  3.548429e+01   1.583522e+01
  3.523120e+01   1.536220e+01
  2.479828e+01   1.448580e+01
  2.371425e+01   1.710301e+01
  3.075578e+01   2.481287e+01
  3.160306e+01   2.488094e+01
  3.457693e+01   2.300296e+01

# i 4
  2.357272e+01   1.731593e+01
  2.371425e+01   1.710301e+01
  2.479828e+01   1.448580e+01
  2.323115e+01   1.148058e+01
  2.160230e+01   9.504498e+00
  1.784808e+01   7.920773e+00
  1.582094e+01   9.350436e+00
  1.340011e+01   1.637195e+01
  1.640845e+01   1.833045e+01
  2.357272e+01   1.731593e+01

# i 5
  7.117096e+00   2.105897e+00
  6.577963e+00   2.337170e+00
  6.550511e+00   2.404401e+00
  1.016143e+01   1.064672e+01
  1.582094e+01   9.350436e+00
  1.784808e+01   7.920773e+00
  1.685066e+01   5.668318e+00
  7.117096e+00   2.105897e+00

# i 6
  3.151666e+01   3.011245e+01
  2.740344e+01   3.015366e+01
  2.625149e+01   2.946137e+01
  2.624763e+01   2.910551e+01
  2.794748e+01   2.592109e+01
  3.075578e+01   2.481287e+01
  3.160306e+01   2.488094e+01
  3.151666e+01   3.011245e+01

# i 7
  2.794748e+01   2.592109e+01
  2.257328e+01   2.097820e+01
  2.128722e+01   2.314902e+01
  2.624763e+01   2.910551e+01
  2.794748e+01   2.592109e+01

# i 8
  8.052325e+00   3.218108e+01
  7.117096e+00   3.410590e+01
  6.577963e+00   3.433717e+01
  2.676664e+00   3.168581e+01
  4.437138e+00   2.584883e+01
  8.536424e+00   2.872879e+01
  8.052325e+00   3.218108e+01

# i 9
  1.604933e+01   2.257933e+01
  1.377568e+01   2.050321e+01
  1.604662e+01   1.895521e+01
  1.604933e+01   2.257933e+01

# i 10
  1.604933e+01   2.257933e+01
  1.773444e+01   2.623392e+01
  2.128722e+01   2.314902e+01
  2.257328e+01   2.097820e+01
  2.357272e+01   1.731593e+01
  1.640845e+01   1.833045e+01
  1.604662e+01   1.895521e+01
  1.604933e+01   2.257933e+01

# i 11
  1.700018e+01   2.735746e+01
  1.773444e+01   2.623392e+01
  1.604933e+01   2.257933e+01
  1.377568e+01   2.050321e+01
  1.050787e+01   2.036739e+01
  1.101528e+01   2.402479e+01
  1.201598e+01   2.565336e+01
  1.700018e+01   2.735746e+01

# i 12
  3.484287e+00   1.583522e+01
  9.512879e+00   1.860693e+01
  1.340011e+01   1.637195e+01
  1.582094e+01   9.350436e+00
  1.016143e+01   1.064672e+01
  3.726177e+00   1.433944e+01
  3.231198e+00   1.536220e+01
  3.484287e+00   1.583522e+01

# i 13
  1.731677e+01   2.926844e+01
  1.753394e+01   2.982168e+01
  2.424972e+01   3.068569e+01
  2.625149e+01   2.946137e+01
  2.624763e+01   2.910551e+01
  2.128722e+01   2.314902e+01
  1.773444e+01   2.623392e+01
  1.700018e+01   2.735746e+01
  1.731677e+01   2.926844e+01

# i 14
 -3.969404e-01   2.488094e+01
 -4.833413e-01   3.011245e+01
  1.020726e+00   3.156546e+01
  2.676664e+00   3.168581e+01
  4.437138e+00   2.584883e+01
  4.016741e+00   2.464352e+01
  2.576935e+00   2.300296e+01
 -3.969404e-01   2.488094e+01

# i 15
  3.484287e+00   1.583522e+01
  9.512879e+00   1.860693e+01
  1.050787e+01   2.036739e+01
  1.101528e+01   2.402479e+01
  4.016741e+00   2.464352e+01
  2.576935e+00   2.300296e+01
  3.484287e+00   1.583522e+01

# i 16
  3.572618e+01   1.433944e+01
  3.523061e+01   7.250907e+00
  3.174700e+01   5.641553e+00
  2.323115e+01   1.148058e+01
  2.479828e+01   1.448580e+01
  3.523120e+01   1.536220e+01
  3.572618e+01   1.433944e+01

# i 17
  1.731677e+01  -2.731558e+00
  8.052325e+00   1.810750e-01
  7.117096e+00   2.105897e+00
  1.685066e+01   5.668318e+00
  1.753394e+01  -2.178316e+00
  1.731677e+01  -2.731558e+00

# i 18
  3.075578e+01   2.481287e+01
  2.371425e+01   1.710301e+01
  2.357272e+01   1.731593e+01
  2.257328e+01   2.097820e+01
  2.794748e+01   2.592109e+01
  3.075578e+01   2.481287e+01

# i 19
  2.814931e+01   2.865311e+00
  3.045022e+01   3.042971e+00
  3.174700e+01   5.641553e+00
  2.323115e+01   1.148058e+01
  2.160230e+01   9.504498e+00
  2.453541e+01   5.077310e+00
  2.814931e+01   2.865311e+00

# i 20
  2.814931e+01   2.865311e+00
  3.045022e+01   3.042971e+00
  3.302073e+01  -4.345439e-01
  3.151666e+01  -1.887550e+00
  2.740344e+01  -1.846336e+00
  2.814931e+01   2.865311e+00

# i 21
  2.424972e+01  -1.314312e+00
  2.453541e+01   5.077310e+00
  2.160230e+01   9.504498e+00
  1.784808e+01   7.920773e+00
  1.685066e+01   5.668318e+00
  1.753394e+01  -2.178316e+00
  2.424972e+01  -1.314312e+00

# i 22
  1.604662e+01   1.895521e+01
  1.640845e+01   1.833045e+01
  1.340011e+01   1.637195e+01
  9.512879e+00   1.860693e+01
  1.050787e+01   2.036739e+01
  1.377568e+01   2.050321e+01
  1.604662e+01   1.895521e+01

# i 23
  1.201598e+01   2.565336e+01
  1.101528e+01   2.402479e+01
  4.016741e+00   2.464352e+01
  4.437138e+00   2.584883e+01
  8.536424e+00   2.872879e+01
  1.201598e+01   2.565336e+01

# i 24
  2.625149e+01  -2.538632e+00
  2.740344e+01  -1.846336e+00
  2.814931e+01   2.865311e+00
  2.453541e+01   5.077310e+00
  2.424972e+01  -1.314312e+00
  2.625149e+01  -2.538632e+00

# i 25
  1.731677e+01   2.926844e+01
  8.052325e+00   3.218108e+01
  8.536424e+00   2.872879e+01
  1.201598e+01   2.565336e+01
  1.700018e+01   2.735746e+01
  1.731677e+01   2.926844e+01

# i 26
  3.726177e+00  -1.766056e+01
  1.016143e+01  -2.135328e+01
  6.550511e+00  -2.959560e+01
  3.230614e+00  -2.474909e+01
  3.726177e+00  -1.766056e+01

# i 27
 -2.530030e-01  -2.635845e+01
  3.230614e+00  -2.474909e+01
  6.550511e+00  -2.959560e+01
  6.730218e+00  -3.003570e+01
  4.646563e+00  -3.733977e+01
 -1.549778e+00  -2.895703e+01
 -2.530030e-01  -2.635845e+01

# i 28
  3.548429e+01  -1.616478e+01
  3.457693e+01  -8.997038e+00
  3.160306e+01  -7.119062e+00
  3.075578e+01  -7.187131e+00
  2.371425e+01  -1.489699e+01
  2.479828e+01  -1.751420e+01
  3.523120e+01  -1.663780e+01
  3.548429e+01  -1.616478e+01

# i 29
  2.357272e+01  -1.468407e+01
  2.371425e+01  -1.489699e+01
  2.479828e+01  -1.751420e+01
  2.323115e+01  -2.051942e+01
  2.160230e+01  -2.249550e+01
  1.784808e+01  -2.407923e+01
  1.582094e+01  -2.264956e+01
  1.340011e+01  -1.562805e+01
  1.640845e+01  -1.366955e+01
  2.357272e+01  -1.468407e+01

# i 30
  6.550511e+00  -2.959560e+01
  1.016143e+01  -2.135328e+01
  1.582094e+01  -2.264956e+01
  1.784808e+01  -2.407923e+01
  1.685066e+01  -2.633168e+01
  6.730218e+00  -3.003570e+01
  6.550511e+00  -2.959560e+01

# i 31
  2.624763e+01  -2.894493e+00
  2.625149e+01  -2.538632e+00
  2.740344e+01  -1.846336e+00
  3.151666e+01  -1.887550e+00
  3.160306e+01  -7.119062e+00
  3.075578e+01  -7.187131e+00
  2.794748e+01  -6.078907e+00
  2.624763e+01  -2.894493e+00

# i 32
  2.257328e+01  -1.102180e+01
  2.794748e+01  -6.078907e+00
  2.624763e+01  -2.894493e+00
  2.128722e+01  -8.850975e+00
  2.257328e+01  -1.102180e+01

# i 33
  8.052325e+00   1.810750e-01
  8.536424e+00  -3.271214e+00
  4.437138e+00  -6.151175e+00
  2.676664e+00  -3.141854e-01
  6.577963e+00   2.337170e+00
  7.117096e+00   2.105897e+00
  8.052325e+00   1.810750e-01

# i 34
  1.604933e+01  -9.420666e+00
  1.377568e+01  -1.149679e+01
  1.604662e+01  -1.304479e+01
  1.604933e+01  -9.420666e+00

# i 35
  1.604933e+01  -9.420666e+00
  1.773444e+01  -5.766077e+00
  2.128722e+01  -8.850975e+00
  2.257328e+01  -1.102180e+01
  2.357272e+01  -1.468407e+01
  1.640845e+01  -1.366955e+01
  1.604662e+01  -1.304479e+01
  1.604933e+01  -9.420666e+00

# i 36
  1.604933e+01  -9.420666e+00
  1.773444e+01  -5.766077e+00
  1.700018e+01  -4.642543e+00
  1.201598e+01  -6.346636e+00
  1.101528e+01  -7.975206e+00
  1.050787e+01  -1.163261e+01
  1.377568e+01  -1.149679e+01
  1.604933e+01  -9.420666e+00

# i 37
  9.512879e+00  -1.339307e+01
  3.484287e+00  -1.616478e+01
  3.231198e+00  -1.663780e+01
  3.726177e+00  -1.766056e+01
  1.016143e+01  -2.135328e+01
  1.582094e+01  -2.264956e+01
  1.340011e+01  -1.562805e+01
  9.512879e+00  -1.339307e+01

# i 38
  2.128722e+01  -8.850975e+00
  2.624763e+01  -2.894493e+00
  2.625149e+01  -2.538632e+00
  2.424972e+01  -1.314312e+00
  1.753394e+01  -2.178316e+00
  1.731677e+01  -2.731558e+00
  1.700018e+01  -4.642543e+00
  1.773444e+01  -5.766077e+00
  2.128722e+01  -8.850975e+00

# i 39
  4.016741e+00  -7.356480e+00
  2.576935e+00  -8.997038e+00
 -3.969404e-01  -7.119062e+00
 -4.833413e-01  -1.887550e+00
  1.020726e+00  -4.345439e-01
  2.676664e+00  -3.141854e-01
  4.437138e+00  -6.151175e+00
  4.016741e+00  -7.356480e+00

# i 40
  1.101528e+01  -7.975206e+00
  4.016741e+00  -7.356480e+00
  2.576935e+00  -8.997038e+00
  3.484287e+00  -1.616478e+01
  9.512879e+00  -1.339307e+01
  1.050787e+01  -1.163261e+01
  1.101528e+01  -7.975206e+00

# i 41
  3.572618e+01  -1.766056e+01
  3.523120e+01  -1.663780e+01
  2.479828e+01  -1.751420e+01
  2.323115e+01  -2.051942e+01
  3.174700e+01  -2.635845e+01
  3.523061e+01  -2.474909e+01
  3.572618e+01  -1.766056e+01

# i 42
  2.257328e+01  -1.102180e+01
  2.794748e+01  -6.078907e+00
  3.075578e+01  -7.187131e+00
  2.371425e+01  -1.489699e+01
  2.357272e+01  -1.468407e+01
  2.257328e+01  -1.102180e+01

# i 43
  2.814931e+01  -2.913469e+01
  3.045022e+01  -2.895703e+01
  3.174700e+01  -2.635845e+01
  2.323115e+01  -2.051942e+01
  2.160230e+01  -2.249550e+01
  2.453541e+01  -2.692269e+01
  2.814931e+01  -2.913469e+01

# i 44
  2.814931e+01  -2.913469e+01
  3.045022e+01  -2.895703e+01
  3.664656e+01  -3.733977e+01
  2.810404e+01  -5.657501e+02
  2.138245e+01  -7.837349e+01
  2.297578e+01  -6.181578e+01
  2.814931e+01  -2.913469e+01

# i 45
  2.297578e+01  -6.181578e+01
  2.138245e+01  -7.837349e+01
  1.685066e+01  -2.633168e+01
  1.784808e+01  -2.407923e+01
  2.160230e+01  -2.249550e+01
  2.453541e+01  -2.692269e+01
  2.297578e+01  -6.181578e+01

# i 46
  1.604662e+01  -1.304479e+01
  1.640845e+01  -1.366955e+01
  1.340011e+01  -1.562805e+01
  9.512879e+00  -1.339307e+01
  1.050787e+01  -1.163261e+01
  1.377568e+01  -1.149679e+01
  1.604662e+01  -1.304479e+01

# i 47
  1.101528e+01  -7.975206e+00
  4.016741e+00  -7.356480e+00
  4.437138e+00  -6.151175e+00
  8.536424e+00  -3.271214e+00
  1.201598e+01  -6.346636e+00
  1.101528e+01  -7.975206e+00

# i 48
  2.814931e+01  -2.913469e+01
  2.453541e+01  -2.692269e+01
  2.297578e+01  -6.181578e+01
  2.814931e+01  -2.913469e+01

# i 49
  1.201598e+01  -6.346636e+00
  8.536424e+00  -3.271214e+00
  8.052325e+00   1.810750e-01
  1.731677e+01  -2.731558e+00
  1.700018e+01  -4.642543e+00
  1.201598e+01  -6.346636e+00

# i 50
  3.855051e+01  -2.959560e+01
  3.523061e+01  -2.474909e+01
  3.572618e+01  -1.766056e+01
  4.216143e+01  -2.135328e+01
  3.855051e+01  -2.959560e+01

# i 51
  3.855051e+01  -2.959560e+01
  3.523061e+01  -2.474909e+01
  3.174700e+01  -2.635845e+01
  3.045022e+01  -2.895703e+01
  3.664656e+01  -3.733977e+01
  3.873022e+01  -3.003570e+01
  3.855051e+01  -2.959560e+01

# i 52
  1.063665e+02  -3.683491e+00
  1.735008e+02  -7.710800e+00
  5.679828e+01  -1.751420e+01
  5.571425e+01  -1.489699e+01
  6.275578e+01  -7.187131e+00
  1.063665e+02  -3.683491e+00

# i 53
  5.571425e+01  -1.489699e+01
  5.679828e+01  -1.751420e+01
  5.523115e+01  -2.051942e+01
  5.360230e+01  -2.249550e+01
  4.984808e+01  -2.407923e+01
  4.782094e+01  -2.264956e+01
  4.540011e+01  -1.562805e+01
  4.840845e+01  -1.366955e+01
  5.557272e+01  -1.468407e+01
  5.571425e+01  -1.489699e+01

# i 54
  4.782094e+01  -2.264956e+01
  4.216143e+01  -2.135328e+01
  3.855051e+01  -2.959560e+01
  3.873022e+01  -3.003570e+01
  4.885066e+01  -2.633168e+01
  4.984808e+01  -2.407923e+01
  4.782094e+01  -2.264956e+01

# i 55
  5.824763e+01  -2.894493e+00
  5.825149e+01  -2.538632e+00
  5.940344e+01  -1.846336e+00
  9.494537e+01  -2.202463e+00
  1.063665e+02  -3.683491e+00
  6.275578e+01  -7.187131e+00
  5.994748e+01  -6.078907e+00
  5.824763e+01  -2.894493e+00

# i 56
  5.328722e+01  -8.850975e+00
  5.824763e+01  -2.894493e+00
  5.994748e+01  -6.078907e+00
  5.457328e+01  -1.102180e+01
  5.328722e+01  -8.850975e+00

# i 57
  4.005232e+01   1.810750e-01
  3.911710e+01   2.105897e+00
  3.857796e+01   2.337170e+00
  3.467666e+01  -3.141854e-01
  3.643714e+01  -6.151175e+00
  4.053642e+01  -3.271214e+00
  4.005232e+01   1.810750e-01

# i 58
  4.577568e+01  -1.149679e+01
  4.804662e+01  -1.304479e+01
  4.804933e+01  -9.420666e+00
  4.577568e+01  -1.149679e+01

# i 59
  5.328722e+01  -8.850975e+00
  4.973444e+01  -5.766077e+00
  4.804933e+01  -9.420666e+00
  4.804662e+01  -1.304479e+01
  4.840845e+01  -1.366955e+01
  5.557272e+01  -1.468407e+01
  5.457328e+01  -1.102180e+01
  5.328722e+01  -8.850975e+00

# i 60
  4.577568e+01  -1.149679e+01
  4.250787e+01  -1.163261e+01
  4.301528e+01  -7.975206e+00
  4.401598e+01  -6.346636e+00
  4.900018e+01  -4.642543e+00
  4.973444e+01  -5.766077e+00
  4.804933e+01  -9.420666e+00
  4.577568e+01  -1.149679e+01

# i 61
  4.782094e+01  -2.264956e+01
  4.216143e+01  -2.135328e+01
  3.572618e+01  -1.766056e+01
  3.523120e+01  -1.663780e+01
  3.548429e+01  -1.616478e+01
  4.151288e+01  -1.339307e+01
  4.540011e+01  -1.562805e+01
  4.782094e+01  -2.264956e+01

# i 62
  5.328722e+01  -8.850975e+00
  4.973444e+01  -5.766077e+00
  4.900018e+01  -4.642543e+00
  4.931677e+01  -2.731558e+00
  4.953394e+01  -2.178316e+00
  5.624972e+01  -1.314312e+00
  5.825149e+01  -2.538632e+00
  5.824763e+01  -2.894493e+00
  5.328722e+01  -8.850975e+00

# i 63
  3.643714e+01  -6.151175e+00
  3.601674e+01  -7.356480e+00
  3.457693e+01  -8.997038e+00
  3.160306e+01  -7.119062e+00
  3.151666e+01  -1.887550e+00
  3.302073e+01  -4.345439e-01
  3.467666e+01  -3.141854e-01
  3.643714e+01  -6.151175e+00

# i 64
  4.250787e+01  -1.163261e+01
  4.151288e+01  -1.339307e+01
  3.548429e+01  -1.616478e+01
  3.457693e+01  -8.997038e+00
  3.601674e+01  -7.356480e+00
  4.301528e+01  -7.975206e+00
  4.250787e+01  -1.163261e+01

# i 65
  5.457328e+01  -1.102180e+01
  5.557272e+01  -1.468407e+01
  5.571425e+01  -1.489699e+01
  6.275578e+01  -7.187131e+00
  5.994748e+01  -6.078907e+00
  5.457328e+01  -1.102180e+01

# i 66
  5.360230e+01  -2.249550e+01
  5.653541e+01  -2.692269e+01
  6.014931e+01  -2.913469e+01
  6.702203e+01  -2.860403e+01
  5.523115e+01  -2.051942e+01
  5.360230e+01  -2.249550e+01

# i 67
  4.984808e+01  -2.407923e+01
  4.885066e+01  -2.633168e+01
  5.338245e+01  -7.837349e+01
  5.497578e+01  -6.181578e+01
  5.653541e+01  -2.692269e+01
  5.360230e+01  -2.249550e+01
  4.984808e+01  -2.407923e+01

# i 68
  4.577568e+01  -1.149679e+01
  4.250787e+01  -1.163261e+01
  4.151288e+01  -1.339307e+01
  4.540011e+01  -1.562805e+01
  4.840845e+01  -1.366955e+01
  4.804662e+01  -1.304479e+01
  4.577568e+01  -1.149679e+01

# i 69
  4.301528e+01  -7.975206e+00
  3.601674e+01  -7.356480e+00
  3.643714e+01  -6.151175e+00
  4.053642e+01  -3.271214e+00
  4.401598e+01  -6.346636e+00
  4.301528e+01  -7.975206e+00

# i 70
  5.653541e+01  -2.692269e+01
  6.014931e+01  -2.913469e+01
  5.497578e+01  -6.181578e+01
  5.653541e+01  -2.692269e+01

# i 71
  4.900018e+01  -4.642543e+00
  4.931677e+01  -2.731558e+00
  4.005232e+01   1.810750e-01
  4.053642e+01  -3.271214e+00
  4.401598e+01  -6.346636e+00
  4.900018e+01  -4.642543e+00

# i 72
  4.216143e+01   1.064672e+01
  3.855051e+01   2.404401e+00
  3.523061e+01   7.250907e+00
  3.572618e+01   1.433944e+01
  4.216143e+01   1.064672e+01

# i 73
  3.467666e+01  -3.141854e-01
  3.302073e+01  -4.345439e-01
  3.045022e+01   3.042971e+00
  3.174700e+01   5.641553e+00
  3.523061e+01   7.250907e+00
  3.855051e+01   2.404401e+00
  3.857796e+01   2.337170e+00
  3.467666e+01  -3.141854e-01

# i 74
  5.571425e+01   1.710301e+01
  6.275578e+01   2.481287e+01
  1.063665e+02   2.831651e+01
  1.735008e+02   2.428920e+01
  5.679828e+01   1.448580e+01
  5.571425e+01   1.710301e+01

# i 75
  4.840845e+01   1.833045e+01
  5.557272e+01   1.731593e+01
  5.571425e+01   1.710301e+01
  5.679828e+01   1.448580e+01
  5.523115e+01   1.148058e+01
  5.360230e+01   9.504498e+00
  4.984808e+01   7.920773e+00
  4.782094e+01   9.350436e+00
  4.540011e+01   1.637195e+01
  4.840845e+01   1.833045e+01

# i 76
  4.782094e+01   9.350436e+00
  4.984808e+01   7.920773e+00
  4.885066e+01   5.668318e+00
  3.911710e+01   2.105897e+00
  3.857796e+01   2.337170e+00
  3.855051e+01   2.404401e+00
  4.216143e+01   1.064672e+01
  4.782094e+01   9.350436e+00

# i 77
  5.825149e+01   2.946137e+01
  5.824763e+01   2.910551e+01
  5.994748e+01   2.592109e+01
  6.275578e+01   2.481287e+01
  1.063665e+02   2.831651e+01
  9.494537e+01   2.979754e+01
  5.940344e+01   3.015366e+01
  5.825149e+01   2.946137e+01

# i 78
  5.328722e+01   2.314902e+01
  5.824763e+01   2.910551e+01
  5.994748e+01   2.592109e+01
  5.457328e+01   2.097820e+01
  5.328722e+01   2.314902e+01

# i 79
  4.053642e+01   2.872879e+01
  3.643714e+01   2.584883e+01
  3.467666e+01   3.168581e+01
  3.857796e+01   3.433717e+01
  3.911710e+01   3.410590e+01
  4.005232e+01   3.218108e+01
  4.053642e+01   2.872879e+01

# i 80
  4.804662e+01   1.895521e+01
  4.804933e+01   2.257933e+01
  4.577568e+01   2.050321e+01
  4.804662e+01   1.895521e+01

# i 81
  4.804662e+01   1.895521e+01
  4.840845e+01   1.833045e+01
  5.557272e+01   1.731593e+01
  5.457328e+01   2.097820e+01
  5.328722e+01   2.314902e+01
  4.973444e+01   2.623392e+01
  4.804933e+01   2.257933e+01
  4.804662e+01   1.895521e+01

# i 82
  4.900018e+01   2.735746e+01
  4.973444e+01   2.623392e+01
  4.804933e+01   2.257933e+01
  4.577568e+01   2.050321e+01
  4.250787e+01   2.036739e+01
  4.301528e+01   2.402479e+01
  4.401598e+01   2.565336e+01
  4.900018e+01   2.735746e+01

# i 83
  4.151288e+01   1.860693e+01
  3.548429e+01   1.583522e+01
  3.523120e+01   1.536220e+01
  3.572618e+01   1.433944e+01
  4.216143e+01   1.064672e+01
  4.782094e+01   9.350436e+00
  4.540011e+01   1.637195e+01
  4.151288e+01   1.860693e+01

# i 84
  4.931677e+01   2.926844e+01
  4.953394e+01   2.982168e+01
  5.624972e+01   3.068569e+01
  5.825149e+01   2.946137e+01
  5.824763e+01   2.910551e+01
  5.328722e+01   2.314902e+01
  4.973444e+01   2.623392e+01
  4.900018e+01   2.735746e+01
  4.931677e+01   2.926844e+01

# i 85
  3.601674e+01   2.464352e+01
  3.457693e+01   2.300296e+01
  3.160306e+01   2.488094e+01
  3.151666e+01   3.011245e+01
  3.302073e+01   3.156546e+01
  3.467666e+01   3.168581e+01
  3.643714e+01   2.584883e+01
  3.601674e+01   2.464352e+01

# i 86
  3.601674e+01   2.464352e+01
  3.457693e+01   2.300296e+01
  3.548429e+01   1.583522e+01
  4.151288e+01   1.860693e+01
  4.250787e+01   2.036739e+01
  4.301528e+01   2.402479e+01
  3.601674e+01   2.464352e+01

# i 87
  4.931677e+01  -2.731558e+00
  4.005232e+01   1.810750e-01
  3.911710e+01   2.105897e+00
  4.885066e+01   5.668318e+00
  4.953394e+01  -2.178316e+00
  4.931677e+01  -2.731558e+00

# i 88
  5.457328e+01   2.097820e+01
  5.557272e+01   1.731593e+01
  5.571425e+01   1.710301e+01
  6.275578e+01   2.481287e+01
  5.994748e+01   2.592109e+01
  5.457328e+01   2.097820e+01

# i 89
  6.014931e+01   2.865311e+00
  6.702203e+01   3.395975e+00
  5.523115e+01   1.148058e+01
  5.360230e+01   9.504498e+00
  5.653541e+01   5.077310e+00
  6.014931e+01   2.865311e+00

# i 90
  9.494537e+01  -2.202463e+00
  6.702203e+01   3.395975e+00
  6.014931e+01   2.865311e+00
  5.940344e+01  -1.846336e+00
  9.494537e+01  -2.202463e+00

# i 91
  5.653541e+01   5.077310e+00
  5.360230e+01   9.504498e+00
  4.984808e+01   7.920773e+00
  4.885066e+01   5.668318e+00
  4.953394e+01  -2.178316e+00
  5.624972e+01  -1.314312e+00
  5.653541e+01   5.077310e+00

# i 92
  4.804662e+01   1.895521e+01
  4.840845e+01   1.833045e+01
  4.540011e+01   1.637195e+01
  4.151288e+01   1.860693e+01
  4.250787e+01   2.036739e+01
  4.577568e+01   2.050321e+01
  4.804662e+01   1.895521e+01

# i 93
  4.401598e+01   2.565336e+01
  4.301528e+01   2.402479e+01
  3.601674e+01   2.464352e+01
  3.643714e+01   2.584883e+01
  4.053642e+01   2.872879e+01
  4.401598e+01   2.565336e+01

# i 94
  5.825149e+01  -2.538632e+00
  5.624972e+01  -1.314312e+00
  5.653541e+01   5.077310e+00
  6.014931e+01   2.865311e+00
  5.940344e+01  -1.846336e+00
  5.825149e+01  -2.538632e+00

# i 95
  4.931677e+01   2.926844e+01
  4.005232e+01   3.218108e+01
  4.053642e+01   2.872879e+01
  4.401598e+01   2.565336e+01
  4.900018e+01   2.735746e+01
  4.931677e+01   2.926844e+01

# i 96
  4.216143e+01   4.264672e+01
  3.855051e+01   3.440440e+01
  3.523061e+01   3.925091e+01
  3.572618e+01   4.633944e+01
  4.216143e+01   4.264672e+01

# i 97
  3.855051e+01   3.440440e+01
  3.857796e+01   3.433717e+01
  3.467666e+01   3.168581e+01
  3.302073e+01   3.156546e+01
  3.045022e+01   3.504297e+01
  3.174700e+01   3.764155e+01
  3.523061e+01   3.925091e+01
  3.855051e+01   3.440440e+01

# i 98
  5.571425e+01   4.910301e+01
  5.679828e+01   4.648580e+01
  2.744391e+03   2.722525e+02
  6.275578e+01   5.681287e+01
  5.571425e+01   4.910301e+01

# i 99
  5.360230e+01   4.150450e+01
  5.523115e+01   4.348058e+01
  5.679828e+01   4.648580e+01
  5.571425e+01   4.910301e+01
  5.557272e+01   4.931593e+01
  4.840845e+01   5.033045e+01
  4.540011e+01   4.837195e+01
  4.782094e+01   4.135044e+01
  4.984808e+01   3.992077e+01
  5.360230e+01   4.150450e+01

# i 100
  4.984808e+01   3.992077e+01
  4.782094e+01   4.135044e+01
  4.216143e+01   4.264672e+01
  3.855051e+01   3.440440e+01
  3.857796e+01   3.433717e+01
  3.911710e+01   3.410590e+01
  4.885066e+01   3.766832e+01
  4.984808e+01   3.992077e+01

# i 101
  5.457328e+01   5.297820e+01
  5.328722e+01   5.514902e+01
  5.824763e+01   6.110551e+01
  5.994748e+01   5.792109e+01
  5.457328e+01   5.297820e+01

# i 102
  3.130611e+01   7.486115e+01
  2.673442e+01   1.060448e+02
  2.608935e+01   1.142207e+02
  2.735574e+01   1.547250e+02
  4.053642e+01   6.072879e+01
  3.643714e+01   5.784883e+01
  3.130611e+01   7.486115e+01

# i 103
  4.804662e+01   5.095521e+01
  4.577568e+01   5.250321e+01
  4.804933e+01   5.457933e+01
  4.804662e+01   5.095521e+01

# i 104
  5.557272e+01   4.931593e+01
  4.840845e+01   5.033045e+01
  4.804662e+01   5.095521e+01
  4.804933e+01   5.457933e+01
  4.973444e+01   5.823392e+01
  5.328722e+01   5.514902e+01
  5.457328e+01   5.297820e+01
  5.557272e+01   4.931593e+01

# i 105
  4.804933e+01   5.457933e+01
  4.973444e+01   5.823392e+01
  4.900018e+01   5.935746e+01
  4.401598e+01   5.765336e+01
  4.301528e+01   5.602479e+01
  4.250787e+01   5.236739e+01
  4.577568e+01   5.250321e+01
  4.804933e+01   5.457933e+01

# i 106
  4.216143e+01   4.264672e+01
  4.782094e+01   4.135044e+01
  4.540011e+01   4.837195e+01
  4.151288e+01   5.060693e+01
  3.548429e+01   4.783522e+01
  3.523120e+01   4.736220e+01
  3.572618e+01   4.633944e+01
  4.216143e+01   4.264672e+01

# i 107
  5.328722e+01   5.514902e+01
  4.973444e+01   5.823392e+01
  4.900018e+01   5.935746e+01
  5.887431e+01   1.189588e+02
  5.824763e+01   6.110551e+01
  5.328722e+01   5.514902e+01

# i 108
  3.160306e+01   5.688094e+01
  3.457693e+01   5.500296e+01
  3.601674e+01   5.664352e+01
  3.643714e+01   5.784883e+01
  3.130611e+01   7.486115e+01
  3.160306e+01   5.688094e+01

# i 109
  3.601674e+01   5.664352e+01
  4.301528e+01   5.602479e+01
  4.250787e+01   5.236739e+01
  4.151288e+01   5.060693e+01
  3.548429e+01   4.783522e+01
  3.457693e+01   5.500296e+01
  3.601674e+01   5.664352e+01

# i 110
  4.931677e+01   2.926844e+01
  4.953394e+01   2.982168e+01
  4.885066e+01   3.766832e+01
  3.911710e+01   3.410590e+01
  4.005232e+01   3.218108e+01
  4.931677e+01   2.926844e+01

# i 111
  5.571425e+01   4.910301e+01
  6.275578e+01   5.681287e+01
  5.994748e+01   5.792109e+01
  5.457328e+01   5.297820e+01
  5.557272e+01   4.931593e+01
  5.571425e+01   4.910301e+01

# i 112
  5.653541e+01   3.707731e+01
  6.014931e+01   3.486531e+01
  6.702203e+01   3.539597e+01
  5.523115e+01   4.348058e+01
  5.360230e+01   4.150450e+01
  5.653541e+01   3.707731e+01

# i 113
  6.014931e+01   3.486531e+01
  6.702203e+01   3.539597e+01
  9.494537e+01   2.979754e+01
  5.940344e+01   3.015366e+01
  6.014931e+01   3.486531e+01

# i 114
  5.653541e+01   3.707731e+01
  5.624972e+01   3.068569e+01
  4.953394e+01   2.982168e+01
  4.885066e+01   3.766832e+01
  4.984808e+01   3.992077e+01
  5.360230e+01   4.150450e+01
  5.653541e+01   3.707731e+01

# i 115
  4.804662e+01   5.095521e+01
  4.840845e+01   5.033045e+01
  4.540011e+01   4.837195e+01
  4.151288e+01   5.060693e+01
  4.250787e+01   5.236739e+01
  4.577568e+01   5.250321e+01
  4.804662e+01   5.095521e+01

# i 116
  3.643714e+01   5.784883e+01
  4.053642e+01   6.072879e+01
  4.401598e+01   5.765336e+01
  4.301528e+01   5.602479e+01
  3.601674e+01   5.664352e+01
  3.643714e+01   5.784883e+01

# i 117
  5.653541e+01   3.707731e+01
  6.014931e+01   3.486531e+01
  5.940344e+01   3.015366e+01
  5.825149e+01   2.946137e+01
  5.624972e+01   3.068569e+01
  5.653541e+01   3.707731e+01

# i 118
  1.016143e+01   4.264672e+01
  6.550511e+00   3.440440e+01
  3.230614e+00   3.925091e+01
  3.726177e+00   4.633944e+01
  1.016143e+01   4.264672e+01

# i 119
  6.550511e+00   3.440440e+01
  6.577963e+00   3.433717e+01
  2.676664e+00   3.168581e+01
  1.020726e+00   3.156546e+01
 -1.549778e+00   3.504297e+01
 -2.530030e-01   3.764155e+01
  3.230614e+00   3.925091e+01
  6.550511e+00   3.440440e+01

# i 120
  3.160306e+01   5.688094e+01
  3.075578e+01   5.681287e+01
  2.371425e+01   4.910301e+01
  2.479828e+01   4.648580e+01
  3.523120e+01   4.736220e+01
  3.548429e+01   4.783522e+01
  3.457693e+01   5.500296e+01
  3.160306e+01   5.688094e+01

# i 121
  2.357272e+01   4.931593e+01
  2.371425e+01   4.910301e+01
  2.479828e+01   4.648580e+01
  2.323115e+01   4.348058e+01
  2.160230e+01   4.150450e+01
  1.784808e+01   3.992077e+01
  1.582094e+01   4.135044e+01
  1.340011e+01   4.837195e+01
  1.640845e+01   5.033045e+01
  2.357272e+01   4.931593e+01

# i 122
  1.685066e+01   3.766832e+01
  1.784808e+01   3.992077e+01
  1.582094e+01   4.135044e+01
  1.016143e+01   4.264672e+01
  6.550511e+00   3.440440e+01
  6.577963e+00   3.433717e+01
  7.117096e+00   3.410590e+01
  1.685066e+01   3.766832e+01

# i 123
  3.160306e+01   5.688094e+01
  3.075578e+01   5.681287e+01
  2.794748e+01   5.792109e+01
  2.624763e+01   6.110551e+01
  2.673442e+01   1.060448e+02
  3.130611e+01   7.486115e+01
  3.160306e+01   5.688094e+01

# i 124
  2.257328e+01   5.297820e+01
  2.794748e+01   5.792109e+01
  2.624763e+01   6.110551e+01
  2.128722e+01   5.514902e+01
  2.257328e+01   5.297820e+01

# i 125
  4.437138e+00   5.784883e+01
 -6.938924e-01   7.486115e+01
 -5.265579e+00   1.060448e+02
 -5.910646e+00   1.142207e+02
 -4.644255e+00   1.547250e+02
  8.536424e+00   6.072879e+01
  4.437138e+00   5.784883e+01

# i 126
  1.604662e+01   5.095521e+01
  1.377568e+01   5.250321e+01
  1.604933e+01   5.457933e+01
  1.604662e+01   5.095521e+01

# i 127
  1.604662e+01   5.095521e+01
  1.640845e+01   5.033045e+01
  2.357272e+01   4.931593e+01
  2.257328e+01   5.297820e+01
  2.128722e+01   5.514902e+01
  1.773444e+01   5.823392e+01
  1.604933e+01   5.457933e+01
  1.604662e+01   5.095521e+01

# i 128
  1.604933e+01   5.457933e+01
  1.773444e+01   5.823392e+01
  1.700018e+01   5.935746e+01
  1.201598e+01   5.765336e+01
  1.101528e+01   5.602479e+01
  1.050787e+01   5.236739e+01
  1.377568e+01   5.250321e+01
  1.604933e+01   5.457933e+01

# i 129
  1.016143e+01   4.264672e+01
  1.582094e+01   4.135044e+01
  1.340011e+01   4.837195e+01
  9.512879e+00   5.060693e+01
  3.484287e+00   4.783522e+01
  3.231198e+00   4.736220e+01
  3.726177e+00   4.633944e+01
  1.016143e+01   4.264672e+01

# i 130
  2.128722e+01   5.514902e+01
  2.624763e+01   6.110551e+01
  2.673442e+01   1.060448e+02
  2.608935e+01   1.142207e+02
  1.700018e+01   5.935746e+01
  1.773444e+01   5.823392e+01
  2.128722e+01   5.514902e+01

# i 131
  4.016741e+00   5.664352e+01
  2.576935e+00   5.500296e+01
 -3.969404e-01   5.688094e+01
 -6.938924e-01   7.486115e+01
  4.437138e+00   5.784883e+01
  4.016741e+00   5.664352e+01

# i 132
  4.016741e+00   5.664352e+01
  2.576935e+00   5.500296e+01
  3.484287e+00   4.783522e+01
  9.512879e+00   5.060693e+01
  1.050787e+01   5.236739e+01
  1.101528e+01   5.602479e+01
  4.016741e+00   5.664352e+01

# i 133
  3.572618e+01   4.633944e+01
  3.523120e+01   4.736220e+01
  2.479828e+01   4.648580e+01
  2.323115e+01   4.348058e+01
  3.174700e+01   3.764155e+01
  3.523061e+01   3.925091e+01
  3.572618e+01   4.633944e+01

# i 134
  1.731677e+01   2.926844e+01
  1.753394e+01   2.982168e+01
  1.685066e+01   3.766832e+01
  7.117096e+00   3.410590e+01
  8.052325e+00   3.218108e+01
  1.731677e+01   2.926844e+01

# i 135
  2.257328e+01   5.297820e+01
  2.794748e+01   5.792109e+01
  3.075578e+01   5.681287e+01
  2.371425e+01   4.910301e+01
  2.357272e+01   4.931593e+01
  2.257328e+01   5.297820e+01

# i 136
  3.045022e+01   3.504297e+01
  2.814931e+01   3.486531e+01
  2.453541e+01   3.707731e+01
  2.160230e+01   4.150450e+01
  2.323115e+01   4.348058e+01
  3.174700e+01   3.764155e+01
  3.045022e+01   3.504297e+01

# i 137
  3.302073e+01   3.156546e+01
  3.045022e+01   3.504297e+01
  2.814931e+01   3.486531e+01
  2.740344e+01   3.015366e+01
  3.151666e+01   3.011245e+01
  3.302073e+01   3.156546e+01

# i 138
  1.753394e+01   2.982168e+01
  2.424972e+01   3.068569e+01
  2.453541e+01   3.707731e+01
  2.160230e+01   4.150450e+01
  1.784808e+01   3.992077e+01
  1.685066e+01   3.766832e+01
  1.753394e+01   2.982168e+01

# i 139
  1.604662e+01   5.095521e+01
  1.640845e+01   5.033045e+01
  1.340011e+01   4.837195e+01
  9.512879e+00   5.060693e+01
  1.050787e+01   5.236739e+01
  1.377568e+01   5.250321e+01
  1.604662e+01   5.095521e+01

# i 140
  4.016741e+00   5.664352e+01
  1.101528e+01   5.602479e+01
  1.201598e+01   5.765336e+01
  8.536424e+00   6.072879e+01
  4.437138e+00   5.784883e+01
  4.016741e+00   5.664352e+01

# i 141
  2.625149e+01   2.946137e+01
  2.424972e+01   3.068569e+01
  2.453541e+01   3.707731e+01
  2.814931e+01   3.486531e+01
  2.740344e+01   3.015366e+01
  2.625149e+01   2.946137e+01

# i 142
 -3.421725e+01   4.720390e+01
 -2.544949e+01   3.440440e+01
 -2.183857e+01   4.264672e+01
 -2.982859e+01   4.723161e+01
 -3.421725e+01   4.720390e+01

# i 143
 -8.285755e+00   4.910301e+01
 -7.201718e+00   4.648580e+01
  3.231198e+00   4.736220e+01
  3.484287e+00   4.783522e+01
  2.576935e+00   5.500296e+01
 -3.969404e-01   5.688094e+01
 -1.244218e+00   5.681287e+01
 -8.285755e+00   4.910301e+01

# i 144
 -1.039770e+01   4.150450e+01
 -8.768848e+00   4.348058e+01
 -7.201718e+00   4.648580e+01
 -8.285755e+00   4.910301e+01
 -8.427278e+00   4.931593e+01
 -1.559155e+01   5.033045e+01
 -1.859989e+01   4.837195e+01
 -1.617906e+01   4.135044e+01
 -1.415192e+01   3.992077e+01
 -1.039770e+01   4.150450e+01

# i 145
 -2.488290e+01   3.410590e+01
 -2.542204e+01   3.433717e+01
 -2.544949e+01   3.440440e+01
 -2.183857e+01   4.264672e+01
 -1.617906e+01   4.135044e+01
 -1.415192e+01   3.992077e+01
 -1.514934e+01   3.766832e+01
 -2.488290e+01   3.410590e+01

# i 146
 -4.052524e+00   5.792109e+01
 -5.752366e+00   6.110551e+01
 -5.265579e+00   1.060448e+02
 -6.938924e-01   7.486115e+01
 -3.969404e-01   5.688094e+01
 -1.244218e+00   5.681287e+01
 -4.052524e+00   5.792109e+01

# i 147
 -9.426718e+00   5.297820e+01
 -1.071278e+01   5.514902e+01
 -5.752366e+00   6.110551e+01
 -4.052524e+00   5.792109e+01
 -9.426718e+00   5.297820e+01

# i 148
 -1.595067e+01   5.457933e+01
 -1.595338e+01   5.095521e+01
 -1.822432e+01   5.250321e+01
 -1.595067e+01   5.457933e+01

# i 149
 -8.427278e+00   4.931593e+01
 -1.559155e+01   5.033045e+01
 -1.595338e+01   5.095521e+01
 -1.595067e+01   5.457933e+01
 -1.426556e+01   5.823392e+01
 -1.071278e+01   5.514902e+01
 -9.426718e+00   5.297820e+01
 -8.427278e+00   4.931593e+01

# i 150
 -2.098472e+01   5.602479e+01
 -2.149213e+01   5.236739e+01
 -1.822432e+01   5.250321e+01
 -1.595067e+01   5.457933e+01
 -1.426556e+01   5.823392e+01
 -1.499982e+01   5.935746e+01
 -1.998402e+01   5.765336e+01
 -2.098472e+01   5.602479e+01

# i 151
 -2.982859e+01   4.723161e+01
 -2.183857e+01   4.264672e+01
 -1.617906e+01   4.135044e+01
 -1.859989e+01   4.837195e+01
 -2.248712e+01   5.060693e+01
 -2.982859e+01   4.723161e+01

# i 152
 -1.071278e+01   5.514902e+01
 -1.426556e+01   5.823392e+01
 -1.499982e+01   5.935746e+01
 -5.910646e+00   1.142207e+02
 -5.265579e+00   1.060448e+02
 -5.752366e+00   6.110551e+01
 -1.071278e+01   5.514902e+01

# i 153
 -2.798326e+01   5.664352e+01
 -3.581642e+01   4.771818e+01
 -3.421725e+01   4.720390e+01
 -2.982859e+01   4.723161e+01
 -2.248712e+01   5.060693e+01
 -2.149213e+01   5.236739e+01
 -2.098472e+01   5.602479e+01
 -2.798326e+01   5.664352e+01

# i 154
  3.726177e+00   4.633944e+01
  3.231198e+00   4.736220e+01
 -7.201718e+00   4.648580e+01
 -8.768848e+00   4.348058e+01
 -2.530030e-01   3.764155e+01
  3.230614e+00   3.925091e+01
  3.726177e+00   4.633944e+01

# i 155
 -1.446606e+01   2.982168e+01
 -1.514934e+01   3.766832e+01
 -2.488290e+01   3.410590e+01
 -2.394768e+01   3.218108e+01
 -1.468323e+01   2.926844e+01
 -1.446606e+01   2.982168e+01

# i 156
 -8.285755e+00   4.910301e+01
 -1.244218e+00   5.681287e+01
 -4.052524e+00   5.792109e+01
 -9.426718e+00   5.297820e+01
 -8.427278e+00   4.931593e+01
 -8.285755e+00   4.910301e+01

# i 157
 -7.464595e+00   3.707731e+01
 -3.850687e+00   3.486531e+01
 -1.549778e+00   3.504297e+01
 -2.530030e-01   3.764155e+01
 -8.768848e+00   4.348058e+01
 -1.039770e+01   4.150450e+01
 -7.464595e+00   3.707731e+01

# i 158
  1.020726e+00   3.156546e+01
 -1.549778e+00   3.504297e+01
 -3.850687e+00   3.486531e+01
 -4.596558e+00   3.015366e+01
 -4.833413e-01   3.011245e+01
  1.020726e+00   3.156546e+01

# i 159
 -1.446606e+01   2.982168e+01
 -1.514934e+01   3.766832e+01
 -1.415192e+01   3.992077e+01
 -1.039770e+01   4.150450e+01
 -7.464595e+00   3.707731e+01
 -7.750283e+00   3.068569e+01
 -1.446606e+01   2.982168e+01

# i 160
 -2.149213e+01   5.236739e+01
 -1.822432e+01   5.250321e+01
 -1.595338e+01   5.095521e+01
 -1.559155e+01   5.033045e+01
 -1.859989e+01   4.837195e+01
 -2.248712e+01   5.060693e+01
 -2.149213e+01   5.236739e+01

# i 161
 -2.798326e+01   5.664352e+01
 -2.098472e+01   5.602479e+01
 -1.998402e+01   5.765336e+01
 -2.346358e+01   6.072879e+01
 -2.756286e+01   5.784883e+01
 -2.798326e+01   5.664352e+01

# i 162
 -5.748511e+00   2.946137e+01
 -4.596558e+00   3.015366e+01
 -3.850687e+00   3.486531e+01
 -7.464595e+00   3.707731e+01
 -7.750283e+00   3.068569e+01
 -5.748511e+00   2.946137e+01

# i 163
 -2.982859e+01   1.523161e+01
 -3.421725e+01   1.520390e+01
 -2.544949e+01   2.404401e+00
 -2.183857e+01   1.064672e+01
 -2.982859e+01   1.523161e+01

# i 164
  3.484287e+00   1.583522e+01
  2.576935e+00   2.300296e+01
 -3.969404e-01   2.488094e+01
 -1.244218e+00   2.481287e+01
 -8.285755e+00   1.710301e+01
 -7.201718e+00   1.448580e+01
  3.231198e+00   1.536220e+01
  3.484287e+00   1.583522e+01

# i 165
 -8.285755e+00   1.710301e+01
 -8.427278e+00   1.731593e+01
 -1.559155e+01   1.833045e+01
 -1.859989e+01   1.637195e+01
 -1.617906e+01   9.350436e+00
 -1.415192e+01   7.920773e+00
 -1.039770e+01   9.504498e+00
 -8.768848e+00   1.148058e+01
 -7.201718e+00   1.448580e+01
 -8.285755e+00   1.710301e+01

# i 166
 -2.183857e+01   1.064672e+01
 -2.544949e+01   2.404401e+00
 -2.542204e+01   2.337170e+00
 -2.488290e+01   2.105897e+00
 -1.514934e+01   5.668318e+00
 -1.415192e+01   7.920773e+00
 -1.617906e+01   9.350436e+00
 -2.183857e+01   1.064672e+01

# i 167
 -5.752366e+00   2.910551e+01
 -4.052524e+00   2.592109e+01
 -1.244218e+00   2.481287e+01
 -3.969404e-01   2.488094e+01
 -4.833413e-01   3.011245e+01
 -4.596558e+00   3.015366e+01
 -5.748511e+00   2.946137e+01
 -5.752366e+00   2.910551e+01

# i 168
 -1.071278e+01   2.314902e+01
 -9.426718e+00   2.097820e+01
 -4.052524e+00   2.592109e+01
 -5.752366e+00   2.910551e+01
 -1.071278e+01   2.314902e+01

# i 169
 -2.394768e+01   3.218108e+01
 -2.346358e+01   2.872879e+01
 -2.756286e+01   2.584883e+01
 -2.932334e+01   3.168581e+01
 -2.542204e+01   3.433717e+01
 -2.488290e+01   3.410590e+01
 -2.394768e+01   3.218108e+01

# i 170
 -1.595338e+01   1.895521e+01
 -1.595067e+01   2.257933e+01
 -1.822432e+01   2.050321e+01
 -1.595338e+01   1.895521e+01

# i 171
 -1.426556e+01   2.623392e+01
 -1.595067e+01   2.257933e+01
 -1.595338e+01   1.895521e+01
 -1.559155e+01   1.833045e+01
 -8.427278e+00   1.731593e+01
 -9.426718e+00   2.097820e+01
 -1.071278e+01   2.314902e+01
 -1.426556e+01   2.623392e+01

# i 172
 -1.499982e+01   2.735746e+01
 -1.998402e+01   2.565336e+01
 -2.098472e+01   2.402479e+01
 -2.149213e+01   2.036739e+01
 -1.822432e+01   2.050321e+01
 -1.595067e+01   2.257933e+01
 -1.426556e+01   2.623392e+01
 -1.499982e+01   2.735746e+01

# i 173
 -2.248712e+01   1.860693e+01
 -2.982859e+01   1.523161e+01
 -2.183857e+01   1.064672e+01
 -1.617906e+01   9.350436e+00
 -1.859989e+01   1.637195e+01
 -2.248712e+01   1.860693e+01

# i 174
 -1.446606e+01   2.982168e+01
 -7.750283e+00   3.068569e+01
 -5.748511e+00   2.946137e+01
 -5.752366e+00   2.910551e+01
 -1.071278e+01   2.314902e+01
 -1.426556e+01   2.623392e+01
 -1.499982e+01   2.735746e+01
 -1.468323e+01   2.926844e+01
 -1.446606e+01   2.982168e+01

# i 175
 -2.932334e+01   3.168581e+01
 -1.995459e+02   1.931354e+01
 -3.581642e+01   1.571818e+01
 -2.798326e+01   2.464352e+01
 -2.756286e+01   2.584883e+01
 -2.932334e+01   3.168581e+01

# i 176
 -2.798326e+01   2.464352e+01
 -3.581642e+01   1.571818e+01
 -3.421725e+01   1.520390e+01
 -2.982859e+01   1.523161e+01
 -2.248712e+01   1.860693e+01
 -2.149213e+01   2.036739e+01
 -2.098472e+01   2.402479e+01
 -2.798326e+01   2.464352e+01

# i 177
  3.231198e+00   1.536220e+01
  3.726177e+00   1.433944e+01
  3.230614e+00   7.250907e+00
 -2.530030e-01   5.641553e+00
 -8.768848e+00   1.148058e+01
 -7.201718e+00   1.448580e+01
  3.231198e+00   1.536220e+01

# i 178
 -2.488290e+01   2.105897e+00
 -2.394768e+01   1.810750e-01
 -1.468323e+01  -2.731558e+00
 -1.446606e+01  -2.178316e+00
 -1.514934e+01   5.668318e+00
 -2.488290e+01   2.105897e+00

# i 179
 -8.285755e+00   1.710301e+01
 -8.427278e+00   1.731593e+01
 -9.426718e+00   2.097820e+01
 -4.052524e+00   2.592109e+01
 -1.244218e+00   2.481287e+01
 -8.285755e+00   1.710301e+01

# i 180
 -7.464595e+00   5.077310e+00
 -1.039770e+01   9.504498e+00
 -8.768848e+00   1.148058e+01
 -2.530030e-01   5.641553e+00
 -1.549778e+00   3.042971e+00
 -3.850687e+00   2.865311e+00
 -7.464595e+00   5.077310e+00

# i 181
 -4.596558e+00  -1.846336e+00
 -4.833413e-01  -1.887550e+00
  1.020726e+00  -4.345439e-01
 -1.549778e+00   3.042971e+00
 -3.850687e+00   2.865311e+00
 -4.596558e+00  -1.846336e+00

# i 182
 -7.750283e+00  -1.314312e+00
 -1.446606e+01  -2.178316e+00
 -1.514934e+01   5.668318e+00
 -1.415192e+01   7.920773e+00
 -1.039770e+01   9.504498e+00
 -7.464595e+00   5.077310e+00
 -7.750283e+00  -1.314312e+00

# i 183
 -1.595338e+01   1.895521e+01
 -1.559155e+01   1.833045e+01
 -1.859989e+01   1.637195e+01
 -2.248712e+01   1.860693e+01
 -2.149213e+01   2.036739e+01
 -1.822432e+01   2.050321e+01
 -1.595338e+01   1.895521e+01

# i 184
 -2.346358e+01   2.872879e+01
 -1.998402e+01   2.565336e+01
 -2.098472e+01   2.402479e+01
 -2.798326e+01   2.464352e+01
 -2.756286e+01   2.584883e+01
 -2.346358e+01   2.872879e+01

# i 185
 -5.748511e+00  -2.538632e+00
 -7.750283e+00  -1.314312e+00
 -7.464595e+00   5.077310e+00
 -3.850687e+00   2.865311e+00
 -4.596558e+00  -1.846336e+00
 -5.748511e+00  -2.538632e+00

# i 186
 -1.468323e+01   2.926844e+01
 -2.394768e+01   3.218108e+01
 -2.346358e+01   2.872879e+01
 -1.998402e+01   2.565336e+01
 -1.499982e+01   2.735746e+01
 -1.468323e+01   2.926844e+01

# i 187
 -2.183857e+01  -2.135328e+01
 -2.544949e+01  -2.959560e+01
 -3.421725e+01  -1.679610e+01
 -2.982859e+01  -1.676839e+01
 -2.183857e+01  -2.135328e+01

# i 188
  2.576935e+00  -8.997038e+00
  3.484287e+00  -1.616478e+01
  3.231198e+00  -1.663780e+01
 -7.201718e+00  -1.751420e+01
 -8.285755e+00  -1.489699e+01
 -1.244218e+00  -7.187131e+00
 -3.969404e-01  -7.119062e+00
  2.576935e+00  -8.997038e+00

# i 189
 -8.768848e+00  -2.051942e+01
 -7.201718e+00  -1.751420e+01
 -8.285755e+00  -1.489699e+01
 -8.427278e+00  -1.468407e+01
 -1.559155e+01  -1.366955e+01
 -1.859989e+01  -1.562805e+01
 -1.617906e+01  -2.264956e+01
 -1.415192e+01  -2.407923e+01
 -1.039770e+01  -2.249550e+01
 -8.768848e+00  -2.051942e+01

# i 190
 -1.617906e+01  -2.264956e+01
 -1.415192e+01  -2.407923e+01
 -1.514934e+01  -2.633168e+01
 -2.526978e+01  -3.003570e+01
 -2.544949e+01  -2.959560e+01
 -2.183857e+01  -2.135328e+01
 -1.617906e+01  -2.264956e+01

# i 191
 -5.748511e+00  -2.538632e+00
 -5.752366e+00  -2.894493e+00
 -4.052524e+00  -6.078907e+00
 -1.244218e+00  -7.187131e+00
 -3.969404e-01  -7.119062e+00
 -4.833413e-01  -1.887550e+00
 -4.596558e+00  -1.846336e+00
 -5.748511e+00  -2.538632e+00

# i 192
 -4.052524e+00  -6.078907e+00
 -9.426718e+00  -1.102180e+01
 -1.071278e+01  -8.850975e+00
 -5.752366e+00  -2.894493e+00
 -4.052524e+00  -6.078907e+00

# i 193
 -2.756286e+01  -6.151175e+00
 -2.932334e+01  -3.141854e-01
 -2.542204e+01   2.337170e+00
 -2.488290e+01   2.105897e+00
 -2.394768e+01   1.810750e-01
 -2.346358e+01  -3.271214e+00
 -2.756286e+01  -6.151175e+00

# i 194
 -1.595067e+01  -9.420666e+00
 -1.595338e+01  -1.304479e+01
 -1.822432e+01  -1.149679e+01
 -1.595067e+01  -9.420666e+00

# i 195
 -1.595067e+01  -9.420666e+00
 -1.426556e+01  -5.766077e+00
 -1.071278e+01  -8.850975e+00
 -9.426718e+00  -1.102180e+01
 -8.427278e+00  -1.468407e+01
 -1.559155e+01  -1.366955e+01
 -1.595338e+01  -1.304479e+01
 -1.595067e+01  -9.420666e+00

# i 196
 -1.998402e+01  -6.346636e+00
 -1.499982e+01  -4.642543e+00
 -1.426556e+01  -5.766077e+00
 -1.595067e+01  -9.420666e+00
 -1.822432e+01  -1.149679e+01
 -2.149213e+01  -1.163261e+01
 -2.098472e+01  -7.975206e+00
 -1.998402e+01  -6.346636e+00

# i 197
 -1.617906e+01  -2.264956e+01
 -1.859989e+01  -1.562805e+01
 -2.248712e+01  -1.339307e+01
 -2.982859e+01  -1.676839e+01
 -2.183857e+01  -2.135328e+01
 -1.617906e+01  -2.264956e+01

# i 198
 -5.748511e+00  -2.538632e+00
 -5.752366e+00  -2.894493e+00
 -1.071278e+01  -8.850975e+00
 -1.426556e+01  -5.766077e+00
 -1.499982e+01  -4.642543e+00
 -1.468323e+01  -2.731558e+00
 -1.446606e+01  -2.178316e+00
 -7.750283e+00  -1.314312e+00
 -5.748511e+00  -2.538632e+00

# i 199
 -2.798326e+01  -7.356480e+00
 -3.581642e+01  -1.628182e+01
 -1.995459e+02  -1.268646e+01
 -2.932334e+01  -3.141854e-01
 -2.756286e+01  -6.151175e+00
 -2.798326e+01  -7.356480e+00

# i 200
 -2.798326e+01  -7.356480e+00
 -3.581642e+01  -1.628182e+01
 -3.421725e+01  -1.679610e+01
 -2.982859e+01  -1.676839e+01
 -2.248712e+01  -1.339307e+01
 -2.149213e+01  -1.163261e+01
 -2.098472e+01  -7.975206e+00
 -2.798326e+01  -7.356480e+00

# i 201
 -8.768848e+00  -2.051942e+01
 -7.201718e+00  -1.751420e+01
  3.231198e+00  -1.663780e+01
  3.726177e+00  -1.766056e+01
  3.230614e+00  -2.474909e+01
 -2.530030e-01  -2.635845e+01
 -8.768848e+00  -2.051942e+01

# i 202
 -4.052524e+00  -6.078907e+00
 -1.244218e+00  -7.187131e+00
 -8.285755e+00  -1.489699e+01
 -8.427278e+00  -1.468407e+01
 -9.426718e+00  -1.102180e+01
 -4.052524e+00  -6.078907e+00

# i 203
 -8.768848e+00  -2.051942e+01
 -2.530030e-01  -2.635845e+01
 -1.549778e+00  -2.895703e+01
 -3.850687e+00  -2.913469e+01
 -7.464595e+00  -2.692269e+01
 -1.039770e+01  -2.249550e+01
 -8.768848e+00  -2.051942e+01

# i 204
 -3.850687e+00  -2.913469e+01
 -9.024222e+00  -6.181578e+01
 -1.061755e+01  -7.837349e+01
 -3.895963e+00  -5.657501e+02
  4.646563e+00  -3.733977e+01
 -1.549778e+00  -2.895703e+01
 -3.850687e+00  -2.913469e+01

# i 205
 -1.039770e+01  -2.249550e+01
 -1.415192e+01  -2.407923e+01
 -1.514934e+01  -2.633168e+01
 -1.061755e+01  -7.837349e+01
 -9.024222e+00  -6.181578e+01
 -7.464595e+00  -2.692269e+01
 -1.039770e+01  -2.249550e+01

# i 206
 -1.822432e+01  -1.149679e+01
 -2.149213e+01  -1.163261e+01
 -2.248712e+01  -1.339307e+01
 -1.859989e+01  -1.562805e+01
 -1.559155e+01  -1.366955e+01
 -1.595338e+01  -1.304479e+01
 -1.822432e+01  -1.149679e+01

# i 207
 -2.798326e+01  -7.356480e+00
 -2.098472e+01  -7.975206e+00
 -1.998402e+01  -6.346636e+00
 -2.346358e+01  -3.271214e+00
 -2.756286e+01  -6.151175e+00
 -2.798326e+01  -7.356480e+00

# i 208
 -7.464595e+00  -2.692269e+01
 -9.024222e+00  -6.181578e+01
 -3.850687e+00  -2.913469e+01
 -7.464595e+00  -2.692269e+01

# i 209
 -2.346358e+01  -3.271214e+00
 -2.394768e+01   1.810750e-01
 -1.468323e+01  -2.731558e+00
 -1.499982e+01  -4.642543e+00
 -1.998402e+01  -6.346636e+00
 -2.346358e+01  -3.271214e+00

